# JRE version: OpenJDK Runtime Environment Temurin-21.0.9+10 (21.0.9+10) (build 21.0.9+10-LTS)
# Java VM: OpenJDK 64-Bit Server VM Temurin-21.0.9+10 (21.0.9+10-LTS, mixed mode, sharing, tiered, compressed oops, compressed class ptrs, parallel gc, windows-amd64)
GC Precious Log:
 CardTable entry size: 512
 CPUs: 4 total, 4 available
 Memory: 3521M
 Large Page Support: Disabled
 NUMA Support: Disabled
 Compressed Oops: Enabled (32-bit)
 Alignments: Space 512K, Generation 512K, Heap 2M
 Heap Min Capacity: 100M
 Heap Initial Capacity: 100M
 Heap Max Capacity: 2G
 Pre-touch: Disabled
 Parallel Workers: 4
Heap:
 PSYoungGen      total 9216K, used 4391K [0x00000000d5580000, 0x00000000d5f00000, 0x0000000100000000)
  eden space 8192K, 47% used [0x00000000d5580000,0x00000000d5951dc8,0x00000000d5d80000)
  from space 1024K, 46% used [0x00000000d5d80000,0x00000000d5df8000,0x00000000d5e80000)
  to   space 512K, 0% used [0x00000000d5e80000,0x00000000d5e80000,0x00000000d5f00000)
 ParOldGen       total 1131008K, used 1009577K [0x0000000080000000, 0x00000000c5080000, 0x00000000d5580000)
  object space 1131008K, 89% used [0x0000000080000000,0x00000000bd9ea788,0x00000000c5080000)
 Metaspace       used 92511K, committed 94144K, reserved 1179648K
  class space    used 9165K, committed 9920K, reserved 1048576K
GC Heap History (20 events):
Event: 181137.023 GC heap before
{Heap before GC invocations=6646 (full 6):
 PSYoungGen      total 6144K, used 5920K [0x00000000d5580000, 0x00000000d5f80000, 0x0000000100000000)
  eden space 5632K, 100% used [0x00000000d5580000,0x00000000d5b00000,0x00000000d5b00000)
  from space 512K, 56% used [0x00000000d5b00000,0x00000000d5b48000,0x00000000d5b80000)
  to   space 1536K, 0% used [0x00000000d5e00000,0x00000000d5e00000,0x00000000d5f80000)
 ParOldGen       total 1131008K, used 1006919K [0x0000000080000000, 0x00000000c5080000, 0x00000000d5580000)
  object space 1131008K, 89% used [0x0000000080000000,0x00000000bd751e78,0x00000000c5080000)
 Metaspace       used 92511K, committed 94144K, reserved 1179648K
  class space    used 9165K, committed 9920K, reserved 1048576K
}
Event: 181137.029 GC heap after
{Heap after GC invocations=6646 (full 6):
 PSYoungGen      total 7168K, used 1517K [0x00000000d5580000, 0x00000000d6280000, 0x0000000100000000)
  eden space 5632K, 0% used [0x00000000d5580000,0x00000000d5580000,0x00000000d5b00000)
  from space 1536K, 98% used [0x00000000d5e00000,0x00000000d5f7b7e0,0x00000000d5f80000)
  to   space 3072K, 0% used [0x00000000d5b00000,0x00000000d5b00000,0x00000000d5e00000)
 ParOldGen       total 1131008K, used 1007630K [0x0000000080000000, 0x00000000c5080000, 0x00000000d5580000)
  object space 1131008K, 89% used [0x0000000080000000,0x00000000bd8038b8,0x00000000c5080000)
 Metaspace       used 92511K, committed 94144K, reserved 1179648K
  class space    used 9165K, committed 9920K, reserved 1048576K
}
Event: 181137.953 GC heap before
{Heap before GC invocations=6647 (full 6):
 PSYoungGen      total 7168K, used 7149K [0x00000000d5580000, 0x00000000d6280000, 0x0000000100000000)
  eden space 5632K, 100% used [0x00000000d5580000,0x00000000d5b00000,0x00000000d5b00000)
  from space 1536K, 98% used [0x00000000d5e00000,0x00000000d5f7b7e0,0x00000000d5f80000)
  to   space 3072K, 0% used [0x00000000d5b00000,0x00000000d5b00000,0x00000000d5e00000)
 ParOldGen       total 1131008K, used 1007630K [0x0000000080000000, 0x00000000c5080000, 0x00000000d5580000)
  object space 1131008K, 89% used [0x0000000080000000,0x00000000bd8038b8,0x00000000c5080000)
 Metaspace       used 92511K, committed 94144K, reserved 1179648K
  class space    used 9165K, committed 9920K, reserved 1048576K
}
Event: 181137.960 GC heap after
{Heap after GC invocations=6647 (full 6):
 PSYoungGen      total 8704K, used 688K [0x00000000d5580000, 0x00000000d5f80000, 0x0000000100000000)
  eden space 5632K, 0% used [0x00000000d5580000,0x00000000d5580000,0x00000000d5b00000)
  from space 3072K, 22% used [0x00000000d5b00000,0x00000000d5bac010,0x00000000d5e00000)
  to   space 1536K, 0% used [0x00000000d5e00000,0x00000000d5e00000,0x00000000d5f80000)
 ParOldGen       total 1131008K, used 1007646K [0x0000000080000000, 0x00000000c5080000, 0x00000000d5580000)
  object space 1131008K, 89% used [0x0000000080000000,0x00000000bd8078b8,0x00000000c5080000)
 Metaspace       used 92511K, committed 94144K, reserved 1179648K
  class space    used 9165K, committed 9920K, reserved 1048576K
}
Event: 181138.311 GC heap before
{Heap before GC invocations=6648 (full 6):
 PSYoungGen      total 8704K, used 6320K [0x00000000d5580000, 0x00000000d5f80000, 0x0000000100000000)
  eden space 5632K, 100% used [0x00000000d5580000,0x00000000d5b00000,0x00000000d5b00000)
  from space 3072K, 22% used [0x00000000d5b00000,0x00000000d5bac010,0x00000000d5e00000)
  to   space 1536K, 0% used [0x00000000d5e00000,0x00000000d5e00000,0x00000000d5f80000)
 ParOldGen       total 1131008K, used 1007646K [0x0000000080000000, 0x00000000c5080000, 0x00000000d5580000)
  object space 1131008K, 89% used [0x0000000080000000,0x00000000bd8078b8,0x00000000c5080000)
 Metaspace       used 92511K, committed 94144K, reserved 1179648K
  class space    used 9165K, committed 9920K, reserved 1048576K
}
Event: 181138.317 GC heap after
{Heap after GC invocations=6648 (full 6):
 PSYoungGen      total 7168K, used 1261K [0x00000000d5580000, 0x00000000d5f80000, 0x0000000100000000)
  eden space 5632K, 0% used [0x00000000d5580000,0x00000000d5580000,0x00000000d5b00000)
  from space 1536K, 82% used [0x00000000d5e00000,0x00000000d5f3b7e0,0x00000000d5f80000)
  to   space 1536K, 0% used [0x00000000d5c80000,0x00000000d5c80000,0x00000000d5e00000)
 ParOldGen       total 1131008K, used 1008043K [0x0000000080000000, 0x00000000c5080000, 0x00000000d5580000)
  object space 1131008K, 89% used [0x0000000080000000,0x00000000bd86ad48,0x00000000c5080000)
 Metaspace       used 92511K, committed 94144K, reserved 1179648K
  class space    used 9165K, committed 9920K, reserved 1048576K
}
Event: 181138.329 GC heap before
{Heap before GC invocations=6649 (full 6):
 PSYoungGen      total 7168K, used 6893K [0x00000000d5580000, 0x00000000d5f80000, 0x0000000100000000)
  eden space 5632K, 99% used [0x00000000d5580000,0x00000000d5afffb8,0x00000000d5b00000)
  from space 1536K, 82% used [0x00000000d5e00000,0x00000000d5f3b7e0,0x00000000d5f80000)
  to   space 1536K, 0% used [0x00000000d5c80000,0x00000000d5c80000,0x00000000d5e00000)
 ParOldGen       total 1131008K, used 1008043K [0x0000000080000000, 0x00000000c5080000, 0x00000000d5580000)
  object space 1131008K, 89% used [0x0000000080000000,0x00000000bd86ad48,0x00000000c5080000)
 Metaspace       used 92511K, committed 94144K, reserved 1179648K
  class space    used 9165K, committed 9920K, reserved 1048576K
}
Event: 181138.340 GC heap after
{Heap after GC invocations=6649 (full 6):
 PSYoungGen      total 8704K, used 1517K [0x00000000d5580000, 0x00000000d6380000, 0x0000000100000000)
  eden space 7168K, 0% used [0x00000000d5580000,0x00000000d5580000,0x00000000d5c80000)
  from space 1536K, 98% used [0x00000000d5c80000,0x00000000d5dfb7e0,0x00000000d5e00000)
  to   space 3584K, 0% used [0x00000000d6000000,0x00000000d6000000,0x00000000d6380000)
 ParOldGen       total 1131008K, used 1009473K [0x0000000080000000, 0x00000000c5080000, 0x00000000d5580000)
  object space 1131008K, 89% used [0x0000000080000000,0x00000000bd9d0788,0x00000000c5080000)
 Metaspace       used 92511K, committed 94144K, reserved 1179648K
  class space    used 9165K, committed 9920K, reserved 1048576K
}
Event: 181138.356 GC heap before
{Heap before GC invocations=6650 (full 6):
 PSYoungGen      total 8704K, used 8685K [0x00000000d5580000, 0x00000000d6380000, 0x0000000100000000)
  eden space 7168K, 100% used [0x00000000d5580000,0x00000000d5c80000,0x00000000d5c80000)
  from space 1536K, 98% used [0x00000000d5c80000,0x00000000d5dfb7e0,0x00000000d5e00000)
  to   space 3584K, 0% used [0x00000000d6000000,0x00000000d6000000,0x00000000d6380000)
 ParOldGen       total 1131008K, used 1009473K [0x0000000080000000, 0x00000000c5080000, 0x00000000d5580000)
  object space 1131008K, 89% used [0x0000000080000000,0x00000000bd9d0788,0x00000000c5080000)
 Metaspace       used 92511K, committed 94144K, reserved 1179648K
  class space    used 9165K, committed 9920K, reserved 1048576K
}
Event: 181138.361 GC heap after
{Heap after GC invocations=6650 (full 6):
 PSYoungGen      total 11264K, used 1965K [0x00000000d5580000, 0x00000000d6300000, 0x0000000100000000)
  eden space 8192K, 0% used [0x00000000d5580000,0x00000000d5580000,0x00000000d5d80000)
  from space 3072K, 63% used [0x00000000d6000000,0x00000000d61eb7e0,0x00000000d6300000)
  to   space 2560K, 0% used [0x00000000d5d80000,0x00000000d5d80000,0x00000000d6000000)
 ParOldGen       total 1131008K, used 1009481K [0x0000000080000000, 0x00000000c5080000, 0x00000000d5580000)
  object space 1131008K, 89% used [0x0000000080000000,0x00000000bd9d2788,0x00000000c5080000)
 Metaspace       used 92511K, committed 94144K, reserved 1179648K
  class space    used 9165K, committed 9920K, reserved 1048576K
}
Event: 181139.190 GC heap before
{Heap before GC invocations=6651 (full 6):
 PSYoungGen      total 11264K, used 10157K [0x00000000d5580000, 0x00000000d6300000, 0x0000000100000000)
  eden space 8192K, 100% used [0x00000000d5580000,0x00000000d5d80000,0x00000000d5d80000)
  from space 3072K, 63% used [0x00000000d6000000,0x00000000d61eb7e0,0x00000000d6300000)
  to   space 2560K, 0% used [0x00000000d5d80000,0x00000000d5d80000,0x00000000d6000000)
 ParOldGen       total 1131008K, used 1009481K [0x0000000080000000, 0x00000000c5080000, 0x00000000d5580000)
  object space 1131008K, 89% used [0x0000000080000000,0x00000000bd9d2788,0x00000000c5080000)
 Metaspace       used 92511K, committed 94144K, reserved 1179648K
  class space    used 9165K, committed 9920K, reserved 1048576K
}
Event: 181139.195 GC heap after
{Heap after GC invocations=6651 (full 6):
 PSYoungGen      total 9728K, used 1165K [0x00000000d5580000, 0x00000000d6080000, 0x0000000100000000)
  eden space 8192K, 0% used [0x00000000d5580000,0x00000000d5580000,0x00000000d5d80000)
  from space 1536K, 75% used [0x00000000d5d80000,0x00000000d5ea37e0,0x00000000d5f00000)
  to   space 1536K, 0% used [0x00000000d5f00000,0x00000000d5f00000,0x00000000d6080000)
 ParOldGen       total 1131008K, used 1009505K [0x0000000080000000, 0x00000000c5080000, 0x00000000d5580000)
  object space 1131008K, 89% used [0x0000000080000000,0x00000000bd9d8788,0x00000000c5080000)
 Metaspace       used 92511K, committed 94144K, reserved 1179648K
  class space    used 9165K, committed 9920K, reserved 1048576K
}
Event: 181139.216 GC heap before
{Heap before GC invocations=6652 (full 6):
 PSYoungGen      total 9728K, used 9357K [0x00000000d5580000, 0x00000000d6080000, 0x0000000100000000)
  eden space 8192K, 100% used [0x00000000d5580000,0x00000000d5d80000,0x00000000d5d80000)
  from space 1536K, 75% used [0x00000000d5d80000,0x00000000d5ea37e0,0x00000000d5f00000)
  to   space 1536K, 0% used [0x00000000d5f00000,0x00000000d5f00000,0x00000000d6080000)
 ParOldGen       total 1131008K, used 1009505K [0x0000000080000000, 0x00000000c5080000, 0x00000000d5580000)
  object space 1131008K, 89% used [0x0000000080000000,0x00000000bd9d8788,0x00000000c5080000)
 Metaspace       used 92511K, committed 94144K, reserved 1179648K
  class space    used 9165K, committed 9920K, reserved 1048576K
}
Event: 181139.221 GC heap after
{Heap after GC invocations=6652 (full 6):
 PSYoungGen      total 9728K, used 1101K [0x00000000d5580000, 0x00000000d6080000, 0x0000000100000000)
  eden space 8192K, 0% used [0x00000000d5580000,0x00000000d5580000,0x00000000d5d80000)
  from space 1536K, 71% used [0x00000000d5f00000,0x00000000d60137e0,0x00000000d6080000)
  to   space 1536K, 0% used [0x00000000d5d80000,0x00000000d5d80000,0x00000000d5f00000)
 ParOldGen       total 1131008K, used 1009529K [0x0000000080000000, 0x00000000c5080000, 0x00000000d5580000)
  object space 1131008K, 89% used [0x0000000080000000,0x00000000bd9de788,0x00000000c5080000)
 Metaspace       used 92511K, committed 94144K, reserved 1179648K
  class space    used 9165K, committed 9920K, reserved 1048576K
}
Event: 181139.933 GC heap before
{Heap before GC invocations=6653 (full 6):
 PSYoungGen      total 9728K, used 9293K [0x00000000d5580000, 0x00000000d6080000, 0x0000000100000000)
  eden space 8192K, 100% used [0x00000000d5580000,0x00000000d5d80000,0x00000000d5d80000)
  from space 1536K, 71% used [0x00000000d5f00000,0x00000000d60137e0,0x00000000d6080000)
  to   space 1536K, 0% used [0x00000000d5d80000,0x00000000d5d80000,0x00000000d5f00000)
 ParOldGen       total 1131008K, used 1009529K [0x0000000080000000, 0x00000000c5080000, 0x00000000d5580000)
  object space 1131008K, 89% used [0x0000000080000000,0x00000000bd9de788,0x00000000c5080000)
 Metaspace       used 92511K, committed 94144K, reserved 1179648K
  class space    used 9165K, committed 9920K, reserved 1048576K
}
Event: 181139.937 GC heap after
{Heap after GC invocations=6653 (full 6):
 PSYoungGen      total 9216K, used 685K [0x00000000d5580000, 0x00000000d5f80000, 0x0000000100000000)
  eden space 8192K, 0% used [0x00000000d5580000,0x00000000d5580000,0x00000000d5d80000)
  from space 1024K, 66% used [0x00000000d5d80000,0x00000000d5e2b7e0,0x00000000d5e80000)
  to   space 1024K, 0% used [0x00000000d5e80000,0x00000000d5e80000,0x00000000d5f80000)
 ParOldGen       total 1131008K, used 1009537K [0x0000000080000000, 0x00000000c5080000, 0x00000000d5580000)
  object space 1131008K, 89% used [0x0000000080000000,0x00000000bd9e0788,0x00000000c5080000)
 Metaspace       used 92511K, committed 94144K, reserved 1179648K
  class space    used 9165K, committed 9920K, reserved 1048576K
}
Event: 181139.957 GC heap before
{Heap before GC invocations=6654 (full 6):
 PSYoungGen      total 9216K, used 8770K [0x00000000d5580000, 0x00000000d5f80000, 0x0000000100000000)
  eden space 8192K, 98% used [0x00000000d5580000,0x00000000d5d65050,0x00000000d5d80000)
  from space 1024K, 66% used [0x00000000d5d80000,0x00000000d5e2b7e0,0x00000000d5e80000)
  to   space 1024K, 0% used [0x00000000d5e80000,0x00000000d5e80000,0x00000000d5f80000)
 ParOldGen       total 1131008K, used 1009537K [0x0000000080000000, 0x00000000c5080000, 0x00000000d5580000)
  object space 1131008K, 89% used [0x0000000080000000,0x00000000bd9e0788,0x00000000c5080000)
 Metaspace       used 92511K, committed 94144K, reserved 1179648K
  class space    used 9165K, committed 9920K, reserved 1048576K
}
Event: 181139.960 GC heap after
{Heap after GC invocations=6654 (full 6):
 PSYoungGen      total 9216K, used 454K [0x00000000d5580000, 0x00000000d5f80000, 0x0000000100000000)
  eden space 8192K, 0% used [0x00000000d5580000,0x00000000d5580000,0x00000000d5d80000)
  from space 1024K, 44% used [0x00000000d5e80000,0x00000000d5ef1bf0,0x00000000d5f80000)
  to   space 1024K, 0% used [0x00000000d5d80000,0x00000000d5d80000,0x00000000d5e80000)
 ParOldGen       total 1131008K, used 1009553K [0x0000000080000000, 0x00000000c5080000, 0x00000000d5580000)
  object space 1131008K, 89% used [0x0000000080000000,0x00000000bd9e4788,0x00000000c5080000)
 Metaspace       used 92511K, committed 94144K, reserved 1179648K
  class space    used 9165K, committed 9920K, reserved 1048576K
}
Event: 181141.393 GC heap before
{Heap before GC invocations=6655 (full 6):
 PSYoungGen      total 9216K, used 8646K [0x00000000d5580000, 0x00000000d5f80000, 0x0000000100000000)
  eden space 8192K, 100% used [0x00000000d5580000,0x00000000d5d80000,0x00000000d5d80000)
  from space 1024K, 44% used [0x00000000d5e80000,0x00000000d5ef1bf0,0x00000000d5f80000)
  to   space 1024K, 0% used [0x00000000d5d80000,0x00000000d5d80000,0x00000000d5e80000)
 ParOldGen       total 1131008K, used 1009553K [0x0000000080000000, 0x00000000c5080000, 0x00000000d5580000)
  object space 1131008K, 89% used [0x0000000080000000,0x00000000bd9e4788,0x00000000c5080000)
 Metaspace       used 92511K, committed 94144K, reserved 1179648K
  class space    used 9165K, committed 9920K, reserved 1048576K
}
Event: 181141.398 GC heap after
{Heap after GC invocations=6655 (full 6):
 PSYoungGen      total 9216K, used 480K [0x00000000d5580000, 0x00000000d5f00000, 0x0000000100000000)
  eden space 8192K, 0% used [0x00000000d5580000,0x00000000d5580000,0x00000000d5d80000)
  from space 1024K, 46% used [0x00000000d5d80000,0x00000000d5df8000,0x00000000d5e80000)
  to   space 512K, 0% used [0x00000000d5e80000,0x00000000d5e80000,0x00000000d5f00000)
 ParOldGen       total 1131008K, used 1009577K [0x0000000080000000, 0x00000000c5080000, 0x00000000d5580000)
  object space 1131008K, 89% used [0x0000000080000000,0x00000000bd9ea788,0x00000000c5080000)
 Metaspace       used 92511K, committed 94144K, reserved 1179648K
  class space    used 9165K, committed 9920K, reserved 1048576K
}

