# JRE version: OpenJDK Runtime Environment Temurin-21.0.10+7 (21.0.10+7) (build 21.0.10+7-LTS)
# Java VM: OpenJDK 64-Bit Server VM Temurin-21.0.10+7 (21.0.10+7-LTS, mixed mode, sharing, tiered, compressed oops, compressed class ptrs, parallel gc, windows-amd64)
GC Precious Log:
 CardTable entry size: 512
 CPUs: 4 total, 4 available
 Memory: 3521M
 Large Page Support: Disabled
 NUMA Support: Disabled
 Compressed Oops: Enabled (32-bit)
 Alignments: Space 512K, Generation 512K, Heap 2M
 Heap Min Capacity: 100M
 Heap Initial Capacity: 100M
 Heap Max Capacity: 2G
 Pre-touch: Disabled
 Parallel Workers: 4
Heap:
 PSYoungGen      total 13312K, used 7032K [0x00000000d5580000, 0x00000000d6a00000, 0x0000000100000000)
  eden space 12800K, 53% used [0x00000000d5580000,0x00000000d5c362a0,0x00000000d6200000)
  from space 512K, 31% used [0x00000000d6980000,0x00000000d69a8000,0x00000000d6a00000)
  to   space 1024K, 0% used [0x00000000d6800000,0x00000000d6800000,0x00000000d6900000)
 ParOldGen       total 82432K, used 82243K [0x0000000080000000, 0x0000000085080000, 0x00000000d5580000)
  object space 82432K, 99% used [0x0000000080000000,0x0000000085050d58,0x0000000085080000)
 Metaspace       used 76597K, committed 78144K, reserved 1179648K
  class space    used 8124K, committed 8768K, reserved 1048576K
GC Heap History (20 events):
Event: 841.727 GC heap before
{Heap before GC invocations=54 (full 3):
 PSYoungGen      total 15360K, used 15341K [0x00000000d5580000, 0x00000000d6c00000, 0x0000000100000000)
  eden space 12800K, 100% used [0x00000000d5580000,0x00000000d6200000,0x00000000d6200000)
  from space 2560K, 99% used [0x00000000d6680000,0x00000000d68fb7e0,0x00000000d6900000)
  to   space 4608K, 0% used [0x00000000d6200000,0x00000000d6200000,0x00000000d6680000)
 ParOldGen       total 72192K, used 72063K [0x0000000080000000, 0x0000000084680000, 0x00000000d5580000)
  object space 72192K, 99% used [0x0000000080000000,0x000000008465fcf8,0x0000000084680000)
 Metaspace       used 75668K, committed 77248K, reserved 1179648K
  class space    used 8096K, committed 8768K, reserved 1048576K
}
Event: 841.733 GC heap after
{Heap after GC invocations=54 (full 3):
 PSYoungGen      total 17408K, used 4317K [0x00000000d5580000, 0x00000000d6b00000, 0x0000000100000000)
  eden space 12800K, 0% used [0x00000000d5580000,0x00000000d5580000,0x00000000d6200000)
  from space 4608K, 93% used [0x00000000d6200000,0x00000000d66377f0,0x00000000d6680000)
  to   space 4608K, 0% used [0x00000000d6680000,0x00000000d6680000,0x00000000d6b00000)
 ParOldGen       total 72192K, used 72095K [0x0000000080000000, 0x0000000084680000, 0x00000000d5580000)
  object space 72192K, 99% used [0x0000000080000000,0x0000000084667cf8,0x0000000084680000)
 Metaspace       used 75668K, committed 77248K, reserved 1179648K
  class space    used 8096K, committed 8768K, reserved 1048576K
}
Event: 841.967 GC heap before
{Heap before GC invocations=55 (full 3):
 PSYoungGen      total 17408K, used 17117K [0x00000000d5580000, 0x00000000d6b00000, 0x0000000100000000)
  eden space 12800K, 100% used [0x00000000d5580000,0x00000000d6200000,0x00000000d6200000)
  from space 4608K, 93% used [0x00000000d6200000,0x00000000d66377f0,0x00000000d6680000)
  to   space 4608K, 0% used [0x00000000d6680000,0x00000000d6680000,0x00000000d6b00000)
 ParOldGen       total 72192K, used 72095K [0x0000000080000000, 0x0000000084680000, 0x00000000d5580000)
  object space 72192K, 99% used [0x0000000080000000,0x0000000084667cf8,0x0000000084680000)
 Metaspace       used 75930K, committed 77504K, reserved 1179648K
  class space    used 8115K, committed 8768K, reserved 1048576K
}
Event: 841.972 GC heap after
{Heap after GC invocations=55 (full 3):
 PSYoungGen      total 14336K, used 1245K [0x00000000d5580000, 0x00000000d6800000, 0x0000000100000000)
  eden space 12800K, 0% used [0x00000000d5580000,0x00000000d5580000,0x00000000d6200000)
  from space 1536K, 81% used [0x00000000d6680000,0x00000000d67b77f0,0x00000000d6800000)
  to   space 2560K, 0% used [0x00000000d6300000,0x00000000d6300000,0x00000000d6580000)
 ParOldGen       total 72704K, used 72580K [0x0000000080000000, 0x0000000084700000, 0x00000000d5580000)
  object space 72704K, 99% used [0x0000000080000000,0x00000000846e1188,0x0000000084700000)
 Metaspace       used 75930K, committed 77504K, reserved 1179648K
  class space    used 8115K, committed 8768K, reserved 1048576K
}
Event: 844.030 GC heap before
{Heap before GC invocations=56 (full 3):
 PSYoungGen      total 14336K, used 14045K [0x00000000d5580000, 0x00000000d6800000, 0x0000000100000000)
  eden space 12800K, 100% used [0x00000000d5580000,0x00000000d6200000,0x00000000d6200000)
  from space 1536K, 81% used [0x00000000d6680000,0x00000000d67b77f0,0x00000000d6800000)
  to   space 2560K, 0% used [0x00000000d6300000,0x00000000d6300000,0x00000000d6580000)
 ParOldGen       total 72704K, used 72580K [0x0000000080000000, 0x0000000084700000, 0x00000000d5580000)
  object space 72704K, 99% used [0x0000000080000000,0x00000000846e1188,0x0000000084700000)
 Metaspace       used 76039K, committed 77632K, reserved 1179648K
  class space    used 8115K, committed 8768K, reserved 1048576K
}
Event: 844.033 GC heap after
{Heap after GC invocations=56 (full 3):
 PSYoungGen      total 14848K, used 1672K [0x00000000d5580000, 0x00000000d6700000, 0x0000000100000000)
  eden space 12800K, 0% used [0x00000000d5580000,0x00000000d5580000,0x00000000d6200000)
  from space 2048K, 81% used [0x00000000d6300000,0x00000000d64a23d0,0x00000000d6500000)
  to   space 2048K, 0% used [0x00000000d6500000,0x00000000d6500000,0x00000000d6700000)
 ParOldGen       total 72704K, used 72676K [0x0000000080000000, 0x0000000084700000, 0x00000000d5580000)
  object space 72704K, 99% used [0x0000000080000000,0x00000000846f9188,0x0000000084700000)
 Metaspace       used 76039K, committed 77632K, reserved 1179648K
  class space    used 8115K, committed 8768K, reserved 1048576K
}
Event: 844.396 GC heap before
{Heap before GC invocations=57 (full 3):
 PSYoungGen      total 14848K, used 14472K [0x00000000d5580000, 0x00000000d6700000, 0x0000000100000000)
  eden space 12800K, 100% used [0x00000000d5580000,0x00000000d6200000,0x00000000d6200000)
  from space 2048K, 81% used [0x00000000d6300000,0x00000000d64a23d0,0x00000000d6500000)
  to   space 2048K, 0% used [0x00000000d6500000,0x00000000d6500000,0x00000000d6700000)
 ParOldGen       total 72704K, used 72676K [0x0000000080000000, 0x0000000084700000, 0x00000000d5580000)
  object space 72704K, 99% used [0x0000000080000000,0x00000000846f9188,0x0000000084700000)
 Metaspace       used 76111K, committed 77632K, reserved 1179648K
  class space    used 8117K, committed 8768K, reserved 1048576K
}
Event: 844.398 GC heap after
{Heap after GC invocations=57 (full 3):
 PSYoungGen      total 13312K, used 160K [0x00000000d5580000, 0x00000000d6580000, 0x0000000100000000)
  eden space 12800K, 0% used [0x00000000d5580000,0x00000000d5580000,0x00000000d6200000)
  from space 512K, 31% used [0x00000000d6500000,0x00000000d6528000,0x00000000d6580000)
  to   space 1024K, 0% used [0x00000000d6380000,0x00000000d6380000,0x00000000d6480000)
 ParOldGen       total 73216K, used 72724K [0x0000000080000000, 0x0000000084780000, 0x00000000d5580000)
  object space 73216K, 99% used [0x0000000080000000,0x0000000084705188,0x0000000084780000)
 Metaspace       used 76111K, committed 77632K, reserved 1179648K
  class space    used 8117K, committed 8768K, reserved 1048576K
}
Event: 853.914 GC heap before
{Heap before GC invocations=58 (full 3):
 PSYoungGen      total 13312K, used 12825K [0x00000000d5580000, 0x00000000d6580000, 0x0000000100000000)
  eden space 12800K, 98% used [0x00000000d5580000,0x00000000d61de6d8,0x00000000d6200000)
  from space 512K, 31% used [0x00000000d6500000,0x00000000d6528000,0x00000000d6580000)
  to   space 1024K, 0% used [0x00000000d6380000,0x00000000d6380000,0x00000000d6480000)
 ParOldGen       total 73216K, used 72724K [0x0000000080000000, 0x0000000084780000, 0x00000000d5580000)
  object space 73216K, 99% used [0x0000000080000000,0x0000000084705188,0x0000000084780000)
 Metaspace       used 76155K, committed 77696K, reserved 1179648K
  class space    used 8119K, committed 8768K, reserved 1048576K
}
Event: 854.144 GC heap after
{Heap after GC invocations=58 (full 3):
 PSYoungGen      total 13824K, used 1016K [0x00000000d5580000, 0x00000000d7100000, 0x0000000100000000)
  eden space 12800K, 0% used [0x00000000d5580000,0x00000000d5580000,0x00000000d6200000)
  from space 1024K, 99% used [0x00000000d6380000,0x00000000d647e3d0,0x00000000d6480000)
  to   space 7680K, 0% used [0x00000000d6980000,0x00000000d6980000,0x00000000d7100000)
 ParOldGen       total 78336K, used 77934K [0x0000000080000000, 0x0000000084c80000, 0x00000000d5580000)
  object space 78336K, 99% used [0x0000000080000000,0x0000000084c1bac8,0x0000000084c80000)
 Metaspace       used 76155K, committed 77696K, reserved 1179648K
  class space    used 8119K, committed 8768K, reserved 1048576K
}
Event: 875.681 GC heap before
{Heap before GC invocations=59 (full 3):
 PSYoungGen      total 13824K, used 13816K [0x00000000d5580000, 0x00000000d7100000, 0x0000000100000000)
  eden space 12800K, 100% used [0x00000000d5580000,0x00000000d6200000,0x00000000d6200000)
  from space 1024K, 99% used [0x00000000d6380000,0x00000000d647e3d0,0x00000000d6480000)
  to   space 7680K, 0% used [0x00000000d6980000,0x00000000d6980000,0x00000000d7100000)
 ParOldGen       total 78336K, used 77934K [0x0000000080000000, 0x0000000084c80000, 0x00000000d5580000)
  object space 78336K, 99% used [0x0000000080000000,0x0000000084c1bac8,0x0000000084c80000)
 Metaspace       used 76259K, committed 77824K, reserved 1179648K
  class space    used 8120K, committed 8768K, reserved 1048576K
}
Event: 875.696 GC heap after
{Heap after GC invocations=59 (full 3):
 PSYoungGen      total 16896K, used 3968K [0x00000000d5580000, 0x00000000d6d80000, 0x0000000100000000)
  eden space 12800K, 0% used [0x00000000d5580000,0x00000000d5580000,0x00000000d6200000)
  from space 4096K, 96% used [0x00000000d6980000,0x00000000d6d60010,0x00000000d6d80000)
  to   space 5120K, 0% used [0x00000000d6380000,0x00000000d6380000,0x00000000d6880000)
 ParOldGen       total 78336K, used 77976K [0x0000000080000000, 0x0000000084c80000, 0x00000000d5580000)
  object space 78336K, 99% used [0x0000000080000000,0x0000000084c263f8,0x0000000084c80000)
 Metaspace       used 76259K, committed 77824K, reserved 1179648K
  class space    used 8120K, committed 8768K, reserved 1048576K
}
Event: 876.755 GC heap before
{Heap before GC invocations=60 (full 3):
 PSYoungGen      total 16896K, used 16768K [0x00000000d5580000, 0x00000000d6d80000, 0x0000000100000000)
  eden space 12800K, 100% used [0x00000000d5580000,0x00000000d6200000,0x00000000d6200000)
  from space 4096K, 96% used [0x00000000d6980000,0x00000000d6d60010,0x00000000d6d80000)
  to   space 5120K, 0% used [0x00000000d6380000,0x00000000d6380000,0x00000000d6880000)
 ParOldGen       total 78336K, used 77976K [0x0000000080000000, 0x0000000084c80000, 0x00000000d5580000)
  object space 78336K, 99% used [0x0000000080000000,0x0000000084c263f8,0x0000000084c80000)
 Metaspace       used 76325K, committed 77888K, reserved 1179648K
  class space    used 8121K, committed 8768K, reserved 1048576K
}
Event: 876.768 GC heap after
{Heap after GC invocations=60 (full 3):
 PSYoungGen      total 17920K, used 5096K [0x00000000d5580000, 0x00000000d7500000, 0x0000000100000000)
  eden space 12800K, 0% used [0x00000000d5580000,0x00000000d5580000,0x00000000d6200000)
  from space 5120K, 99% used [0x00000000d6380000,0x00000000d687a3d0,0x00000000d6880000)
  to   space 9728K, 0% used [0x00000000d6b80000,0x00000000d6b80000,0x00000000d7500000)
 ParOldGen       total 81920K, used 81630K [0x0000000080000000, 0x0000000085000000, 0x00000000d5580000)
  object space 81920K, 99% used [0x0000000080000000,0x0000000084fb78a8,0x0000000085000000)
 Metaspace       used 76325K, committed 77888K, reserved 1179648K
  class space    used 8121K, committed 8768K, reserved 1048576K
}
Event: 878.687 GC heap before
{Heap before GC invocations=61 (full 3):
 PSYoungGen      total 17920K, used 17896K [0x00000000d5580000, 0x00000000d7500000, 0x0000000100000000)
  eden space 12800K, 100% used [0x00000000d5580000,0x00000000d6200000,0x00000000d6200000)
  from space 5120K, 99% used [0x00000000d6380000,0x00000000d687a3d0,0x00000000d6880000)
  to   space 9728K, 0% used [0x00000000d6b80000,0x00000000d6b80000,0x00000000d7500000)
 ParOldGen       total 81920K, used 81630K [0x0000000080000000, 0x0000000085000000, 0x00000000d5580000)
  object space 81920K, 99% used [0x0000000080000000,0x0000000084fb78a8,0x0000000085000000)
 Metaspace       used 76364K, committed 77888K, reserved 1179648K
  class space    used 8123K, committed 8768K, reserved 1048576K
}
Event: 878.690 GC heap after
{Heap after GC invocations=61 (full 3):
 PSYoungGen      total 13312K, used 176K [0x00000000d5580000, 0x00000000d6c00000, 0x0000000100000000)
  eden space 12800K, 0% used [0x00000000d5580000,0x00000000d5580000,0x00000000d6200000)
  from space 512K, 34% used [0x00000000d6b80000,0x00000000d6bac010,0x00000000d6c00000)
  to   space 3584K, 0% used [0x00000000d6500000,0x00000000d6500000,0x00000000d6880000)
 ParOldGen       total 81920K, used 81662K [0x0000000080000000, 0x0000000085000000, 0x00000000d5580000)
  object space 81920K, 99% used [0x0000000080000000,0x0000000084fbf8a8,0x0000000085000000)
 Metaspace       used 76364K, committed 77888K, reserved 1179648K
  class space    used 8123K, committed 8768K, reserved 1048576K
}
Event: 880.340 GC heap before
{Heap before GC invocations=62 (full 3):
 PSYoungGen      total 13312K, used 12976K [0x00000000d5580000, 0x00000000d6c00000, 0x0000000100000000)
  eden space 12800K, 100% used [0x00000000d5580000,0x00000000d6200000,0x00000000d6200000)
  from space 512K, 34% used [0x00000000d6b80000,0x00000000d6bac010,0x00000000d6c00000)
  to   space 3584K, 0% used [0x00000000d6500000,0x00000000d6500000,0x00000000d6880000)
 ParOldGen       total 81920K, used 81662K [0x0000000080000000, 0x0000000085000000, 0x00000000d5580000)
  object space 81920K, 99% used [0x0000000080000000,0x0000000084fbf8a8,0x0000000085000000)
 Metaspace       used 76538K, committed 78080K, reserved 1179648K
  class space    used 8124K, committed 8768K, reserved 1048576K
}
Event: 880.342 GC heap after
{Heap after GC invocations=62 (full 3):
 PSYoungGen      total 16384K, used 2024K [0x00000000d5580000, 0x00000000d6c00000, 0x0000000100000000)
  eden space 12800K, 0% used [0x00000000d5580000,0x00000000d5580000,0x00000000d6200000)
  from space 3584K, 56% used [0x00000000d6500000,0x00000000d66fa3d0,0x00000000d6880000)
  to   space 2560K, 0% used [0x00000000d6980000,0x00000000d6980000,0x00000000d6c00000)
 ParOldGen       total 81920K, used 81710K [0x0000000080000000, 0x0000000085000000, 0x00000000d5580000)
  object space 81920K, 99% used [0x0000000080000000,0x0000000084fcb8a8,0x0000000085000000)
 Metaspace       used 76538K, committed 78080K, reserved 1179648K
  class space    used 8124K, committed 8768K, reserved 1048576K
}
Event: 880.678 GC heap before
{Heap before GC invocations=63 (full 3):
 PSYoungGen      total 16384K, used 14824K [0x00000000d5580000, 0x00000000d6c00000, 0x0000000100000000)
  eden space 12800K, 100% used [0x00000000d5580000,0x00000000d6200000,0x00000000d6200000)
  from space 3584K, 56% used [0x00000000d6500000,0x00000000d66fa3d0,0x00000000d6880000)
  to   space 2560K, 0% used [0x00000000d6980000,0x00000000d6980000,0x00000000d6c00000)
 ParOldGen       total 81920K, used 81710K [0x0000000080000000, 0x0000000085000000, 0x00000000d5580000)
  object space 81920K, 99% used [0x0000000080000000,0x0000000084fcb8a8,0x0000000085000000)
 Metaspace       used 76539K, committed 78080K, reserved 1179648K
  class space    used 8124K, committed 8768K, reserved 1048576K
}
Event: 880.680 GC heap after
{Heap after GC invocations=63 (full 3):
 PSYoungGen      total 13312K, used 160K [0x00000000d5580000, 0x00000000d6a00000, 0x0000000100000000)
  eden space 12800K, 0% used [0x00000000d5580000,0x00000000d5580000,0x00000000d6200000)
  from space 512K, 31% used [0x00000000d6980000,0x00000000d69a8000,0x00000000d6a00000)
  to   space 1024K, 0% used [0x00000000d6800000,0x00000000d6800000,0x00000000d6900000)
 ParOldGen       total 82432K, used 82243K [0x0000000080000000, 0x0000000085080000, 0x00000000d5580000)
  object space 82432K, 99% used [0x0000000080000000,0x0000000085050d58,0x0000000085080000)
 Metaspace       used 76539K, committed 78080K, reserved 1179648K
  class space    used 8124K, committed 8768K, reserved 1048576K
}

